<?xml version="1.0" encoding="UTF-8"?>
<!-- Generated by org.testng.reporters.JUnitReportReporter -->
<testsuite skipped="0" hostname="DESKTOP-FR326FK" name="com.demowebshop.testscripts.UserAccountTest" tests="2" failures="0" timestamp="2021-09-29T22:06:08 IST" time="21.737" errors="0">
  <testcase name="verifyValidUserLogin" time="11.400" classname="com.demowebshop.testscripts.UserAccountTest"/>
  <system-out/>
  <testcase name="verifyValidRegistration" time="10.337" classname="com.demowebshop.testscripts.UserAccountTest"/>
  <system-out/>
</testsuite> <!-- com.demowebshop.testscripts.UserAccountTest -->
