<?xml version="1.0" encoding="UTF-8"?>
<!-- Generated by org.testng.reporters.JUnitReportReporter -->
<testsuite skipped="0" hostname="DESKTOP-FR326FK" name="com.demowebshop.testscripts.HomeTest" tests="1" failures="0" timestamp="2021-09-29T23:55:20 IST" time="5.095" errors="0">
  <testcase name="verifyHomePageTitle" time="5.095" classname="com.demowebshop.testscripts.HomeTest"/>
  <system-out/>
</testsuite> <!-- com.demowebshop.testscripts.HomeTest -->
