<?xml version="1.0" encoding="UTF-8"?>
<!-- Generated by org.testng.reporters.JUnitReportReporter -->
<testsuite skipped="0" hostname="DESKTOP-FR326FK" name="com.demowebshop.testscripts.LoginTest" tests="2" failures="0" timestamp="2021-09-29T23:55:20 IST" time="18.341" errors="0">
  <testcase name="verifyLoginPageTitle" time="8.563" classname="com.demowebshop.testscripts.LoginTest"/>
  <system-out/>
  <testcase name="verifyValidUserLogin" time="9.778" classname="com.demowebshop.testscripts.LoginTest"/>
  <system-out/>
</testsuite> <!-- com.demowebshop.testscripts.LoginTest -->
